<?xml version="1.0" encoding="UTF-8"?>
<!-- Generated by org.testng.reporters.JUnitXMLReporter -->
<testsuite ignored="2" hostname="DESKTOP-T1C0MS0" failures="0" tests="1" name="Test rediffPage" time="2.928" errors="0" timestamp="2023-11-16T19:15:34 IST">
  <testcase classname="seleniumphase2.TestClass" name="method3" time="1.186"/>
  <testcase classname="seleniumphase2.TestClass" name="method2" time="0.0">
    <ignored/>
  </testcase> <!-- method2 -->
  <testcase classname="seleniumphase2.TestClass" name="method1" time="0.0">
    <ignored/>
  </testcase> <!-- method1 -->
</testsuite> <!-- Test rediffPage -->
