<?xml version="1.0" encoding="UTF-8"?>
<!-- Generated by org.testng.reporters.JUnitXMLReporter -->
<testsuite ignored="0" hostname="DESKTOP-T1C0MS0" failures="0" tests="3" name="Default test" time="16.573" errors="0" timestamp="2023-11-19T16:56:46 IST">
  <testcase classname="pack2.dataproviderannotation" name="CreateAccount" time="2.498"/>
  <testcase classname="pack2.dataproviderannotation" name="CreateAccount" time="2.587"/>
  <testcase classname="pack2.dataproviderannotation" name="CreateAccount" time="2.852"/>
</testsuite> <!-- Default test -->
