<?xml version="1.0" encoding="UTF-8"?>
<testng-results ignored="0" total="3" passed="3" failed="0" skipped="0">
  <reporter-output>
  </reporter-output>
  <suite started-at="2023-11-19T16:56:30 IST" name="Default suite" finished-at="2023-11-19T16:56:46 IST" duration-ms="16573">
    <groups>
    </groups>
    <test started-at="2023-11-19T16:56:30 IST" name="Default test" finished-at="2023-11-19T16:56:46 IST" duration-ms="16573">
      <class name="pack2.dataproviderannotation">
        <test-method is-config="true" signature="openbrowser()[pri:0, instance:pack2.dataproviderannotation@6574a52c]" started-at="2023-11-19T16:56:30 IST" name="openbrowser" finished-at="2023-11-19T16:56:38 IST" duration-ms="8584" status="PASS">
          <reporter-output>
          </reporter-output>
        </test-method> <!-- openbrowser -->
        <test-method signature="CreateAccount(java.lang.String,java.lang.String,java.lang.String,java.lang.String)[pri:0, instance:pack2.dataproviderannotation@6574a52c]" started-at="2023-11-19T16:56:38 IST" name="CreateAccount" data-provider="testdata" finished-at="2023-11-19T16:56:41 IST" duration-ms="2498" status="PASS">
          <params>
            <param index="0">
              <value>
                <![CDATA[user1]]>
              </value>
            </param>
            <param index="1">
              <value>
                <![CDATA[user123]]>
              </value>
            </param>
            <param index="2">
              <value>
                <![CDATA[user123]]>
              </value>
            </param>
            <param index="3">
              <value>
                <![CDATA[user1@gmail.com]]>
              </value>
            </param>
          </params>
          <reporter-output>
          </reporter-output>
        </test-method> <!-- CreateAccount -->
        <test-method signature="CreateAccount(java.lang.String,java.lang.String,java.lang.String,java.lang.String)[pri:0, instance:pack2.dataproviderannotation@6574a52c]" started-at="2023-11-19T16:56:41 IST" name="CreateAccount" data-provider="testdata" finished-at="2023-11-19T16:56:43 IST" duration-ms="2587" status="PASS">
          <params>
            <param index="0">
              <value>
                <![CDATA[user2]]>
              </value>
            </param>
            <param index="1">
              <value>
                <![CDATA[user123]]>
              </value>
            </param>
            <param index="2">
              <value>
                <![CDATA[user123]]>
              </value>
            </param>
            <param index="3">
              <value>
                <![CDATA[user2@gmail.com]]>
              </value>
            </param>
          </params>
          <reporter-output>
          </reporter-output>
        </test-method> <!-- CreateAccount -->
        <test-method signature="CreateAccount(java.lang.String,java.lang.String,java.lang.String,java.lang.String)[pri:0, instance:pack2.dataproviderannotation@6574a52c]" started-at="2023-11-19T16:56:43 IST" name="CreateAccount" data-provider="testdata" finished-at="2023-11-19T16:56:46 IST" duration-ms="2852" status="PASS">
          <params>
            <param index="0">
              <value>
                <![CDATA[user3]]>
              </value>
            </param>
            <param index="1">
              <value>
                <![CDATA[user123]]>
              </value>
            </param>
            <param index="2">
              <value>
                <![CDATA[user123]]>
              </value>
            </param>
            <param index="3">
              <value>
                <![CDATA[user3@gmail.com]]>
              </value>
            </param>
          </params>
          <reporter-output>
          </reporter-output>
        </test-method> <!-- CreateAccount -->
      </class> <!-- pack2.dataproviderannotation -->
    </test> <!-- Default test -->
  </suite> <!-- Default suite -->
</testng-results>
