<?xml version="1.0" encoding="UTF-8"?>
<!-- Generated by org.testng.reporters.JUnitXMLReporter -->
<testsuite ignored="0" hostname="DESKTOP-T1C0MS0" failures="0" tests="4" name="TestCycle1" time="7.596" errors="0" timestamp="2023-11-16T16:03:30 IST">
  <testcase classname="seleniumphase2.ParallelTestDemo" name="ninjaPage2" time="6.105"/>
  <testcase classname="seleniumphase2.ParallelTestDemo" name="wikiPage2" time="6.937"/>
  <testcase classname="seleniumphase2.ParallelTestDemo" name="ninjaPage1" time="7.486"/>
  <testcase classname="seleniumphase2.ParallelTestDemo" name="wikiPage1" time="7.551"/>
</testsuite> <!-- TestCycle1 -->
