<?xml version="1.0" encoding="UTF-8"?>
<!-- Generated by org.testng.reporters.JUnitXMLReporter -->
<testsuite ignored="4" hostname="DESKTOP-T1C0MS0" failures="0" tests="1" name="TestCycle1" time="13.419" errors="0" timestamp="2023-11-16T15:07:37 IST">
  <testcase classname="seleniumphase2.BeforeAfterMethodAnnotation" name="LoginWiethValidCredentials" time="1.043"/>
  <testcase classname="seleniumphase2.BeforeAfterMethodAnnotation" name="logoutFromApplication" time="0.0">
    <ignored/>
  </testcase> <!-- logoutFromApplication -->
  <testcase classname="seleniumphase2.testannotation" name="logoutFromApplication" time="0.0">
    <ignored/>
  </testcase> <!-- logoutFromApplication -->
  <testcase classname="seleniumphase2.testannotation" name="OpenDemoStore" time="0.0">
    <ignored/>
  </testcase> <!-- OpenDemoStore -->
  <testcase classname="seleniumphase2.testannotation" name="LoginWiethValidCredentials" time="0.0">
    <ignored/>
  </testcase> <!-- LoginWiethValidCredentials -->
</testsuite> <!-- TestCycle1 -->
