<?xml version="1.0" encoding="UTF-8"?>
<!-- Generated by org.testng.reporters.JUnitXMLReporter -->
<testsuite ignored="2" hostname="DESKTOP-T1C0MS0" failures="0" tests="1" name="Test facebookpage" time="2.877" errors="0" timestamp="2023-11-16T19:15:31 IST">
  <testcase classname="seleniumphase2.TestClass" name="method2" time="1.118"/>
  <testcase classname="seleniumphase2.TestClass" name="method1" time="0.0">
    <ignored/>
  </testcase> <!-- method1 -->
  <testcase classname="seleniumphase2.TestClass" name="method3" time="0.0">
    <ignored/>
  </testcase> <!-- method3 -->
</testsuite> <!-- Test facebookpage -->
